<?xml version="1.0" encoding="UTF-8"?>
<!-- Generated by org.testng.reporters.JUnitXMLReporter -->
<testsuite ignored="0" hostname="Deepak-Kumar-LP" failures="0" tests="9" name="Default test" time="924.05" errors="0" timestamp="2026-02-13T10:08:11 IST">
  <testcase classname="B2C_testcases.PaidOwner_B2C" name="verifyFailurePopupOrderPage" time="41.162"/>
  <testcase classname="B2C_testcases.PaidOwner_B2C" name="verifyRenewOrderDashboard" time="13.278"/>
  <testcase classname="B2C_testcases.PaidOwner_B2C" name="verifyRenewMorePackageOrderDashboard" time="18.461"/>
  <testcase classname="B2C_testcases.PaidOwner_B2C" name="verifyRefreshPropertyOwnerPage" time="29.364"/>
  <testcase classname="B2C_testcases.PaidOwner_B2C" name="verifyMatchingBuyerOwnerPage" time="31.341"/>
  <testcase classname="B2C_testcases.PaidOwner_B2C" name="verifyResponseOwnerPage" time="44.939"/>
  <testcase classname="B2C_testcases.PaidOwner_B2C" name="verifyFailurePopupOwnerPage" time="20.155"/>
  <testcase classname="B2C_testcases.PaidOwner_B2C" name="verifyRenewOwnerDashboard" time="16.539"/>
  <testcase classname="B2C_testcases.PaidOwner_B2C" name="verifyRenewMorePackageOwnerDashboard" time="27.917"/>
</testsuite> <!-- Default test -->
