<?xml version="1.0" encoding="UTF-8"?>
<testng-results ignored="0" total="9" passed="9" failed="0" skipped="0">
  <reporter-output>
  </reporter-output>
  <suite started-at="2026-02-13T09:52:47 IST" name="Default suite" finished-at="2026-02-13T10:08:11 IST" duration-ms="924050">
    <groups>
    </groups>
    <test started-at="2026-02-13T09:52:47 IST" name="Default test" finished-at="2026-02-13T10:08:11 IST" duration-ms="924050">
      <class name="B2C_testcases.PaidOwner_B2C">
        <test-method is-config="true" signature="setUpBrowser()[pri:0, instance:B2C_testcases.PaidOwner_B2C@19fb8826]" started-at="2026-02-13T09:52:47 IST" name="setUpBrowser" finished-at="2026-02-13T09:53:34 IST" duration-ms="47241" status="PASS">
          <reporter-output>
          </reporter-output>
        </test-method> <!-- setUpBrowser -->
        <test-method signature="verifyFailurePopupOrderPage()[pri:1, instance:B2C_testcases.PaidOwner_B2C@19fb8826]" started-at="2026-02-13T09:53:34 IST" name="verifyFailurePopupOrderPage" description="Payment from Failure Popup - Order Dashboard" finished-at="2026-02-13T09:54:16 IST" duration-ms="41162" status="PASS">
          <reporter-output>
          </reporter-output>
        </test-method> <!-- verifyFailurePopupOrderPage -->
        <test-method is-config="true" signature="tearDown()[pri:0, instance:B2C_testcases.PaidOwner_B2C@19fb8826]" started-at="2026-02-13T09:54:16 IST" name="tearDown" finished-at="2026-02-13T09:54:19 IST" duration-ms="2969" status="PASS">
          <reporter-output>
          </reporter-output>
        </test-method> <!-- tearDown -->
        <test-method is-config="true" signature="setUpBrowser()[pri:0, instance:B2C_testcases.PaidOwner_B2C@19fb8826]" started-at="2026-02-13T09:54:19 IST" name="setUpBrowser" finished-at="2026-02-13T09:56:10 IST" duration-ms="110936" status="PASS">
          <reporter-output>
          </reporter-output>
        </test-method> <!-- setUpBrowser -->
        <test-method signature="verifyRenewOrderDashboard()[pri:2, instance:B2C_testcases.PaidOwner_B2C@19fb8826]" started-at="2026-02-13T09:56:10 IST" name="verifyRenewOrderDashboard" description="Renew Flow from Order Dashboard" finished-at="2026-02-13T09:56:23 IST" duration-ms="13278" status="PASS">
          <reporter-output>
          </reporter-output>
        </test-method> <!-- verifyRenewOrderDashboard -->
        <test-method is-config="true" signature="tearDown()[pri:0, instance:B2C_testcases.PaidOwner_B2C@19fb8826]" started-at="2026-02-13T09:56:23 IST" name="tearDown" finished-at="2026-02-13T09:56:25 IST" duration-ms="1633" status="PASS">
          <reporter-output>
          </reporter-output>
        </test-method> <!-- tearDown -->
        <test-method is-config="true" signature="setUpBrowser()[pri:0, instance:B2C_testcases.PaidOwner_B2C@19fb8826]" started-at="2026-02-13T09:56:25 IST" name="setUpBrowser" finished-at="2026-02-13T09:57:15 IST" duration-ms="49889" status="PASS">
          <reporter-output>
          </reporter-output>
        </test-method> <!-- setUpBrowser -->
        <test-method signature="verifyRenewMorePackageOrderDashboard()[pri:3, instance:B2C_testcases.PaidOwner_B2C@19fb8826]" started-at="2026-02-13T09:57:15 IST" name="verifyRenewMorePackageOrderDashboard" description="Renew More Package from Order Dashboard" finished-at="2026-02-13T09:57:33 IST" duration-ms="18461" status="PASS">
          <reporter-output>
          </reporter-output>
        </test-method> <!-- verifyRenewMorePackageOrderDashboard -->
        <test-method is-config="true" signature="tearDown()[pri:0, instance:B2C_testcases.PaidOwner_B2C@19fb8826]" started-at="2026-02-13T09:57:34 IST" name="tearDown" finished-at="2026-02-13T09:57:35 IST" duration-ms="1552" status="PASS">
          <reporter-output>
          </reporter-output>
        </test-method> <!-- tearDown -->
        <test-method is-config="true" signature="setUpBrowser()[pri:0, instance:B2C_testcases.PaidOwner_B2C@19fb8826]" started-at="2026-02-13T09:57:35 IST" name="setUpBrowser" finished-at="2026-02-13T09:58:38 IST" duration-ms="62931" status="PASS">
          <reporter-output>
          </reporter-output>
        </test-method> <!-- setUpBrowser -->
        <test-method signature="verifyRefreshPropertyOwnerPage()[pri:4, instance:B2C_testcases.PaidOwner_B2C@19fb8826]" started-at="2026-02-13T09:58:38 IST" name="verifyRefreshPropertyOwnerPage" description="Refresh / Renew Property from Owner Dashboard" finished-at="2026-02-13T09:59:07 IST" duration-ms="29364" status="PASS">
          <reporter-output>
          </reporter-output>
        </test-method> <!-- verifyRefreshPropertyOwnerPage -->
        <test-method is-config="true" signature="tearDown()[pri:0, instance:B2C_testcases.PaidOwner_B2C@19fb8826]" started-at="2026-02-13T09:59:08 IST" name="tearDown" finished-at="2026-02-13T09:59:09 IST" duration-ms="1659" status="PASS">
          <reporter-output>
          </reporter-output>
        </test-method> <!-- tearDown -->
        <test-method is-config="true" signature="setUpBrowser()[pri:0, instance:B2C_testcases.PaidOwner_B2C@19fb8826]" started-at="2026-02-13T09:59:09 IST" name="setUpBrowser" finished-at="2026-02-13T09:59:42 IST" duration-ms="33050" status="PASS">
          <reporter-output>
          </reporter-output>
        </test-method> <!-- setUpBrowser -->
        <test-method signature="verifyMatchingBuyerOwnerPage()[pri:5, instance:B2C_testcases.PaidOwner_B2C@19fb8826]" started-at="2026-02-13T09:59:42 IST" name="verifyMatchingBuyerOwnerPage" description="Matching Buyer Flow from Owner Dashboard" finished-at="2026-02-13T10:00:14 IST" duration-ms="31341" status="PASS">
          <reporter-output>
          </reporter-output>
        </test-method> <!-- verifyMatchingBuyerOwnerPage -->
        <test-method is-config="true" signature="tearDown()[pri:0, instance:B2C_testcases.PaidOwner_B2C@19fb8826]" started-at="2026-02-13T10:00:14 IST" name="tearDown" finished-at="2026-02-13T10:00:15 IST" duration-ms="1267" status="PASS">
          <reporter-output>
          </reporter-output>
        </test-method> <!-- tearDown -->
        <test-method is-config="true" signature="setUpBrowser()[pri:0, instance:B2C_testcases.PaidOwner_B2C@19fb8826]" started-at="2026-02-13T10:00:15 IST" name="setUpBrowser" finished-at="2026-02-13T10:02:51 IST" duration-ms="156020" status="PASS">
          <reporter-output>
          </reporter-output>
        </test-method> <!-- setUpBrowser -->
        <test-method signature="verifyResponseOwnerPage()[pri:6, instance:B2C_testcases.PaidOwner_B2C@19fb8826]" started-at="2026-02-13T10:02:51 IST" name="verifyResponseOwnerPage" description="Response Page B2C Flow" finished-at="2026-02-13T10:03:36 IST" duration-ms="44939" status="PASS">
          <reporter-output>
          </reporter-output>
        </test-method> <!-- verifyResponseOwnerPage -->
        <test-method is-config="true" signature="tearDown()[pri:0, instance:B2C_testcases.PaidOwner_B2C@19fb8826]" started-at="2026-02-13T10:03:36 IST" name="tearDown" finished-at="2026-02-13T10:03:37 IST" duration-ms="1115" status="PASS">
          <reporter-output>
          </reporter-output>
        </test-method> <!-- tearDown -->
        <test-method is-config="true" signature="setUpBrowser()[pri:0, instance:B2C_testcases.PaidOwner_B2C@19fb8826]" started-at="2026-02-13T10:03:37 IST" name="setUpBrowser" finished-at="2026-02-13T10:04:45 IST" duration-ms="67229" status="PASS">
          <reporter-output>
          </reporter-output>
        </test-method> <!-- setUpBrowser -->
        <test-method signature="verifyFailurePopupOwnerPage()[pri:7, instance:B2C_testcases.PaidOwner_B2C@19fb8826]" started-at="2026-02-13T10:04:45 IST" name="verifyFailurePopupOwnerPage" description="Failure Popup Payment from Owner Dashboard" finished-at="2026-02-13T10:05:05 IST" duration-ms="20155" status="PASS">
          <reporter-output>
          </reporter-output>
        </test-method> <!-- verifyFailurePopupOwnerPage -->
        <test-method is-config="true" signature="tearDown()[pri:0, instance:B2C_testcases.PaidOwner_B2C@19fb8826]" started-at="2026-02-13T10:05:05 IST" name="tearDown" finished-at="2026-02-13T10:05:06 IST" duration-ms="977" status="PASS">
          <reporter-output>
          </reporter-output>
        </test-method> <!-- tearDown -->
        <test-method is-config="true" signature="setUpBrowser()[pri:0, instance:B2C_testcases.PaidOwner_B2C@19fb8826]" started-at="2026-02-13T10:05:06 IST" name="setUpBrowser" finished-at="2026-02-13T10:06:48 IST" duration-ms="102477" status="PASS">
          <reporter-output>
          </reporter-output>
        </test-method> <!-- setUpBrowser -->
        <test-method signature="verifyRenewOwnerDashboard()[pri:8, instance:B2C_testcases.PaidOwner_B2C@19fb8826]" started-at="2026-02-13T10:06:48 IST" name="verifyRenewOwnerDashboard" description="Renew Flow from Owner Dashboard" finished-at="2026-02-13T10:07:05 IST" duration-ms="16539" status="PASS">
          <reporter-output>
          </reporter-output>
        </test-method> <!-- verifyRenewOwnerDashboard -->
        <test-method is-config="true" signature="tearDown()[pri:0, instance:B2C_testcases.PaidOwner_B2C@19fb8826]" started-at="2026-02-13T10:07:05 IST" name="tearDown" finished-at="2026-02-13T10:07:06 IST" duration-ms="1035" status="PASS">
          <reporter-output>
          </reporter-output>
        </test-method> <!-- tearDown -->
        <test-method is-config="true" signature="setUpBrowser()[pri:0, instance:B2C_testcases.PaidOwner_B2C@19fb8826]" started-at="2026-02-13T10:07:06 IST" name="setUpBrowser" finished-at="2026-02-13T10:07:41 IST" duration-ms="35460" status="PASS">
          <reporter-output>
          </reporter-output>
        </test-method> <!-- setUpBrowser -->
        <test-method signature="verifyRenewMorePackageOwnerDashboard()[pri:9, instance:B2C_testcases.PaidOwner_B2C@19fb8826]" started-at="2026-02-13T10:07:41 IST" name="verifyRenewMorePackageOwnerDashboard" description="Renew More Package from Owner Dashboard" finished-at="2026-02-13T10:08:09 IST" duration-ms="27917" status="PASS">
          <reporter-output>
          </reporter-output>
        </test-method> <!-- verifyRenewMorePackageOwnerDashboard -->
        <test-method is-config="true" signature="tearDown()[pri:0, instance:B2C_testcases.PaidOwner_B2C@19fb8826]" started-at="2026-02-13T10:08:10 IST" name="tearDown" finished-at="2026-02-13T10:08:11 IST" duration-ms="1251" status="PASS">
          <reporter-output>
          </reporter-output>
        </test-method> <!-- tearDown -->
      </class> <!-- B2C_testcases.PaidOwner_B2C -->
    </test> <!-- Default test -->
  </suite> <!-- Default suite -->
</testng-results>
