<?xml version="1.0" encoding="UTF-8"?>
<!-- Generated by org.testng.reporters.JUnitReportReporter -->
<testsuite hostname="Deepak-Kumar-LP" failures="0" tests="9" name="B2C_testcases.PaidOwner_B2C" time="921.847" errors="0" timestamp="2026-02-13T10:08:18 IST" skipped="0">
  <testcase classname="B2C_testcases.PaidOwner_B2C" name="verifyFailurePopupOrderPage" time="198.449"/>
  <testcase classname="B2C_testcases.PaidOwner_B2C" name="verifyRenewOrderDashboard" time="63.488"/>
  <testcase classname="B2C_testcases.PaidOwner_B2C" name="verifyRenewMorePackageOrderDashboard" time="130.374"/>
  <testcase classname="B2C_testcases.PaidOwner_B2C" name="verifyRefreshPropertyOwnerPage" time="64.047"/>
  <testcase classname="B2C_testcases.PaidOwner_B2C" name="verifyMatchingBuyerOwnerPage" time="67.836"/>
  <testcase classname="B2C_testcases.PaidOwner_B2C" name="verifyResponseOwnerPage" time="96.380"/>
  <testcase classname="B2C_testcases.PaidOwner_B2C" name="verifyFailurePopupOwnerPage" time="123.883"/>
  <testcase classname="B2C_testcases.PaidOwner_B2C" name="verifyRenewOwnerDashboard" time="81.129"/>
  <testcase classname="B2C_testcases.PaidOwner_B2C" name="verifyRenewMorePackageOwnerDashboard" time="96.261"/>
</testsuite> <!-- B2C_testcases.PaidOwner_B2C -->
